<?xml version="1.0" encoding="UTF-8"?>
<testsuite xmlns:xsi="http://www.w3.org/2001/XMLSchema-instance" xsi:noNamespaceSchemaLocation="https://maven.apache.org/surefire/maven-surefire-plugin/xsd/surefire-test-report-3.0.xsd" version="3.0" name="org.apache.spark.util.kvstore.RocksDBIteratorSuite" time="0.865" tests="38" errors="0" skipped="0" failures="0">
  <properties>
[...]
</properties>
  <testcase name="copyIndexDescendingWithStart" classname="org.apache.spark.util.kvstore.RocksDBIteratorSuite" time="0.281"/>
  <testcase name="refIndexWithStart" classname="org.apache.spark.util.kvstore.RocksDBIteratorSuite" time="0.02"/>
  <testcase name="numericIndexDescendingWithStart" classname="org.apache.spark.util.kvstore.RocksDBIteratorSuite" time="0.002"/>
  <testcase name="copyIndexDescending" classname="org.apache.spark.util.kvstore.RocksDBIteratorSuite" time="0.014"/>
  <testcase name="childIndexWithStart" classname="org.apache.spark.util.kvstore.RocksDBIteratorSuite" time="0.002"/>
  <testcase name="childIndexWithLast" classname="org.apache.spark.util.kvstore.RocksDBIteratorSuite" time="0.002"/>
  <testcase name="childIndexWithSkip" classname="org.apache.spark.util.kvstore.RocksDBIteratorSuite" time="0.002"/>
  <testcase name="childIndexWithMax" classname="org.apache.spark.util.kvstore.RocksDBIteratorSuite" time="0.002"/>
  <testcase name="naturalIndexDescending" classname="org.apache.spark.util.kvstore.RocksDBIteratorSuite" time="0.007"/>
  <testcase name="numericIndexDescendingWithLast" classname="org.apache.spark.util.kvstore.RocksDBIteratorSuite" time="0.008"/>
  <testcase name="childIndexDescending" classname="org.apache.spark.util.kvstore.RocksDBIteratorSuite" time="0.001"/>
  <testcase name="copyIndexDescendingWithLast" classname="org.apache.spark.util.kvstore.RocksDBIteratorSuite" time="0.005"/>
  <testcase name="refIndex" classname="org.apache.spark.util.kvstore.RocksDBIteratorSuite" time="0.007"/>
  <testcase name="numericIndexWithLast" classname="org.apache.spark.util.kvstore.RocksDBIteratorSuite" time="0.001"/>
  <testcase name="copyIndexWithStart" classname="org.apache.spark.util.kvstore.RocksDBIteratorSuite" time="0.005"/>
  <testcase name="childIndexDescendingWithStart" classname="org.apache.spark.util.kvstore.RocksDBIteratorSuite" time="0.001"/>
  <testcase name="refIndexWithLast" classname="org.apache.spark.util.kvstore.RocksDBIteratorSuite" time="0.002"/>
  <testcase name="refIndexWithSkip" classname="org.apache.spark.util.kvstore.RocksDBIteratorSuite" time="0.006"/>
  <testcase name="numericIndexDescending" classname="org.apache.spark.util.kvstore.RocksDBIteratorSuite" time="0.006"/>
  <testcase name="testRefWithIntNaturalKey" classname="org.apache.spark.util.kvstore.RocksDBIteratorSuite" time="0.002"/>
  <testcase name="refIndexDescending" classname="org.apache.spark.util.kvstore.RocksDBIteratorSuite" time="0.006"/>
  <testcase name="refIndexDescendingWithStart" classname="org.apache.spark.util.kvstore.RocksDBIteratorSuite" time="0.002"/>
  <testcase name="naturalIndexWithMax" classname="org.apache.spark.util.kvstore.RocksDBIteratorSuite" time="0.0"/>
  <testcase name="naturalIndex" classname="org.apache.spark.util.kvstore.RocksDBIteratorSuite" time="0.005"/>
  <testcase name="copyIndexWithLast" classname="org.apache.spark.util.kvstore.RocksDBIteratorSuite" time="0.001"/>
  <testcase name="copyIndexWithSkip" classname="org.apache.spark.util.kvstore.RocksDBIteratorSuite" time="0.005"/>
  <testcase name="copyIndexWithMax" classname="org.apache.spark.util.kvstore.RocksDBIteratorSuite" time="0.001"/>
  <testcase name="childIndexDescendingWithLast" classname="org.apache.spark.util.kvstore.RocksDBIteratorSuite" time="0.0"/>
  <testcase name="refIndexDescendingWithLast" classname="org.apache.spark.util.kvstore.RocksDBIteratorSuite" time="0.006"/>
  <testcase name="naturalIndexDescendingWithStart" classname="org.apache.spark.util.kvstore.RocksDBIteratorSuite" time="0.005"/>
  <testcase name="childIndex" classname="org.apache.spark.util.kvstore.RocksDBIteratorSuite" time="0.001"/>
  <testcase name="naturalIndexWithLast" classname="org.apache.spark.util.kvstore.RocksDBIteratorSuite" time="0.005"/>
  <testcase name="naturalIndexWithSkip" classname="org.apache.spark.util.kvstore.RocksDBIteratorSuite" time="0.003"/>
  <testcase name="naturalIndexWithStart" classname="org.apache.spark.util.kvstore.RocksDBIteratorSuite" time="0.0"/>
  <testcase name="copyIndex" classname="org.apache.spark.util.kvstore.RocksDBIteratorSuite" time="0.005"/>
  <testcase name="naturalIndexDescendingWithLast" classname="org.apache.spark.util.kvstore.RocksDBIteratorSuite" time="0.001"/>
  <testcase name="numericIndexWithStart" classname="org.apache.spark.util.kvstore.RocksDBIteratorSuite" time="0.006"/>
  <testcase name="numericIndex" classname="org.apache.spark.util.kvstore.RocksDBIteratorSuite" time="0.006"/>
</testsuite>